This file contains any messages produced by compilers while
running configure, to aid debugging if configure makes a mistake.

It was created by xambit configure 0.1, which was
generated by GNU Autoconf 2.69.  Invocation command line was

  $ ./configure --prefix=/xts --libdir=/xts/lib64

## --------- ##
## Platform. ##
## --------- ##

hostname = lethe
uname -m = x86_64
uname -r = 2.6.29
uname -s = Linux
uname -v = 201703311355 Mar 31 2017 09:55:32

/usr/bin/uname -p = unknown
/bin/uname -X     = unknown

/bin/arch              = unknown
/usr/bin/arch -k       = unknown
/usr/convex/getsysinfo = unknown
/usr/bin/hostinfo      = unknown
/bin/machine           = unknown
/usr/bin/oslevel       = unknown
/bin/universe          = unknown

PATH: /xts/bin


## ----------- ##
## Core tests. ##
## ----------- ##

configure:2262: checking for a BSD-compatible install
configure:2330: result: /xts/bin/install -c
configure:2341: checking whether build environment is sane
configure:2396: result: yes
configure:2547: checking for a thread-safe mkdir -p
configure:2586: result: build-aux/install-sh -c -d
configure:2593: checking for gawk
configure:2609: found /xts/bin/gawk
configure:2620: result: gawk
configure:2631: checking whether make sets $(MAKE)
configure:2653: result: yes
configure:2682: checking whether make supports nested variables
configure:2699: result: yes
configure:2877: checking for gcc
configure:2904: result:  /xts/bin/gcc
configure:3133: checking for C compiler version
configure:3142:  /xts/bin/gcc --version >&5
gcc (GCC) 4.8.5
Copyright (C) 2015 Free Software Foundation, Inc.
This is free software; see the source for copying conditions.  There is NO
warranty; not even for MERCHANTABILITY or FITNESS FOR A PARTICULAR PURPOSE.

configure:3153: $? = 0
configure:3142:  /xts/bin/gcc -v >&5
Using built-in specs.
COLLECT_GCC=/xts/bin/gcc
COLLECT_LTO_WRAPPER=/xts/libexec/gcc/x86_64-linux-uclibc/4.8.5/lto-wrapper
Target: x86_64-linux-uclibc
Configured with: /xts/pkgs/uclibc-toolchain/build/gcc/configure --prefix=/xts --exec-prefix=/xts --target=x86_64-linux-uclibc --host=x86_64-linux-uclibc --disable-nls --enable-languages=c,c++,objc --with-gmp-lib=/xts/pkgs/uclibc-toolchain/build/rootfs-target-gcc/xts/lib64 --with-gmp-include=/xts/pkgs/uclibc-toolchain/build/rootfs-target-gcc/xts/include/x86_64-linux-uclibc --with-mpfr=/xts/pkgs/uclibc-toolchain/build/rootfs-target-gcc/xts --with-mpc=/xts/pkgs/uclibc-toolchain/build/rootfs-target-gcc/xts --enable-shared --enable-targets=x86_64-linux-uclibc,i686-linux-uclibc --enable-tls --disable-decimal-float --enable-libgomp --disable-libmudflap --with-native-system-header-dir=/xts/include --enable-install-libiberty CC=/xts/bin/x86_64-linux-uclibc-gcc CC_FOR_BUILD=/xts/bin/gcc CC_FOR_TARGET=/xts/bin/x86_64-linux-uclibc-gcc CXX=/xts/bin/x86_64-linux-uclibc-g++ CXX_FOR_BUILD=/xts/bin/g++ CXX_FOR_TARGET=/xts/bin/x86_64-linux-uclibc-g++ GCC_FOR_TARGET=/xts/bin/x86_64-linux-uclibc-gcc AR=/xts/bin/ar AS=/xts/bin/as LD=/xts/bin/x86_64-linux-uclibc-ld LD_FOR_BUILD=/xts/bin/ld LD_FOR_TARGET=/xts/bin/x86_64-linux-uclibc-ld LDFLAGS=-lgcc_s LDFLAGS_FOR_BUILD=-lgcc_s LDFLAGS_FOR_TARGET=-lgcc_s NM=/xts/bin/nm OBJDUMP=/xts/bin/objdump RANLIB=/xts/bin/ranlib STRIP=/xts/bin/strip
Thread model: posix
gcc version 4.8.5 (GCC) 
configure:3153: $? = 0
configure:3142:  /xts/bin/gcc -V >&5
gcc: error: unrecognized command line option '-V'
gcc: fatal error: no input files
compilation terminated.
configure:3153: $? = 1
configure:3142:  /xts/bin/gcc -qversion >&5
gcc: error: unrecognized command line option '-qversion'
gcc: fatal error: no input files
compilation terminated.
configure:3153: $? = 1
configure:3173: checking whether the C compiler works
configure:3195:  /xts/bin/gcc  -O2 -fstack-protector-all -fPIC  -s -Wl,--discard-all,-z,relro,-z,now conftest.c -lgcc_eh >&5
configure:3199: $? = 0
configure:3247: result: yes
configure:3250: checking for C compiler default output file name
configure:3252: result: a.out
configure:3258: checking for suffix of executables
configure:3265:  /xts/bin/gcc -o conftest  -O2 -fstack-protector-all -fPIC  -s -Wl,--discard-all,-z,relro,-z,now conftest.c -lgcc_eh >&5
configure:3269: $? = 0
configure:3291: result: 
configure:3313: checking whether we are cross compiling
configure:3321:  /xts/bin/gcc -o conftest  -O2 -fstack-protector-all -fPIC  -s -Wl,--discard-all,-z,relro,-z,now conftest.c -lgcc_eh >&5
configure:3325: $? = 0
configure:3332: ./conftest
configure:3336: $? = 0
configure:3351: result: no
configure:3356: checking for suffix of object files
configure:3378:  /xts/bin/gcc -c  -O2 -fstack-protector-all -fPIC  conftest.c >&5
configure:3382: $? = 0
configure:3403: result: o
configure:3407: checking whether we are using the GNU C compiler
configure:3426:  /xts/bin/gcc -c  -O2 -fstack-protector-all -fPIC  conftest.c >&5
configure:3426: $? = 0
configure:3435: result: yes
configure:3444: checking whether  /xts/bin/gcc accepts -g
configure:3464:  /xts/bin/gcc -c -g  conftest.c >&5
configure:3464: $? = 0
configure:3505: result: yes
configure:3522: checking for  /xts/bin/gcc option to accept ISO C89
configure:3585:  /xts/bin/gcc  -c  -O2 -fstack-protector-all -fPIC  conftest.c >&5
configure:3585: $? = 0
configure:3598: result: none needed
configure:3623: checking whether  /xts/bin/gcc understands -c and -o together
configure:3645:  /xts/bin/gcc -c conftest.c -o conftest2.o
configure:3648: $? = 0
configure:3645:  /xts/bin/gcc -c conftest.c -o conftest2.o
configure:3648: $? = 0
configure:3660: result: yes
configure:3688: checking for style of include used by make
configure:3716: result: GNU
configure:3742: checking dependency style of  /xts/bin/gcc
configure:3853: result: gcc3
configure:3971: checking the archiver (/xts/bin/ar) interface
configure:3987:  /xts/bin/gcc -c  -O2 -fstack-protector-all -fPIC  conftest.c >&5
configure:3987: $? = 0
configure:3989: /xts/bin/ar cru libconftest.a conftest.o >&5
configure:3992: $? = 0
configure:4020: result: ar
configure:4046: checking how to run the C preprocessor
configure:4077:  /xts/bin/gcc -E  conftest.c
configure:4077: $? = 0
configure:4091:  /xts/bin/gcc -E  conftest.c
conftest.c:11:28: fatal error: ac_nonexistent.h: No such file or directory
 #include <ac_nonexistent.h>
                            ^
compilation terminated.
configure:4091: $? = 1
configure: failed program was:
| /* confdefs.h */
| #define PACKAGE_NAME "xambit"
| #define PACKAGE_TARNAME "xambit"
| #define PACKAGE_VERSION "0.1"
| #define PACKAGE_STRING "xambit 0.1"
| #define PACKAGE_BUGREPORT "aaron.styx@baesystems.com"
| #define PACKAGE_URL ""
| #define PACKAGE "xambit"
| #define VERSION "0.1"
| /* end confdefs.h.  */
| #include <ac_nonexistent.h>
configure:4116: result:  /xts/bin/gcc -E
configure:4136:  /xts/bin/gcc -E  conftest.c
configure:4136: $? = 0
configure:4150:  /xts/bin/gcc -E  conftest.c
conftest.c:11:28: fatal error: ac_nonexistent.h: No such file or directory
 #include <ac_nonexistent.h>
                            ^
compilation terminated.
configure:4150: $? = 1
configure: failed program was:
| /* confdefs.h */
| #define PACKAGE_NAME "xambit"
| #define PACKAGE_TARNAME "xambit"
| #define PACKAGE_VERSION "0.1"
| #define PACKAGE_STRING "xambit 0.1"
| #define PACKAGE_BUGREPORT "aaron.styx@baesystems.com"
| #define PACKAGE_URL ""
| #define PACKAGE "xambit"
| #define VERSION "0.1"
| /* end confdefs.h.  */
| #include <ac_nonexistent.h>
configure:4179: checking for grep that handles long lines and -e
configure:4237: result: /xts/bin/grep
configure:4242: checking for egrep
configure:4304: result: /xts/bin/grep -E
configure:4309: checking for ANSI C header files
configure:4329:  /xts/bin/gcc -c  -O2 -fstack-protector-all -fPIC  conftest.c >&5
configure:4329: $? = 0
configure:4402:  /xts/bin/gcc -o conftest  -O2 -fstack-protector-all -fPIC  -s -Wl,--discard-all,-z,relro,-z,now conftest.c -lgcc_eh >&5
configure:4402: $? = 0
configure:4402: ./conftest
configure:4402: $? = 0
configure:4413: result: yes
configure:4426: checking for sys/types.h
configure:4426:  /xts/bin/gcc -c  -O2 -fstack-protector-all -fPIC  conftest.c >&5
configure:4426: $? = 0
configure:4426: result: yes
configure:4426: checking for sys/stat.h
configure:4426:  /xts/bin/gcc -c  -O2 -fstack-protector-all -fPIC  conftest.c >&5
configure:4426: $? = 0
configure:4426: result: yes
configure:4426: checking for stdlib.h
configure:4426:  /xts/bin/gcc -c  -O2 -fstack-protector-all -fPIC  conftest.c >&5
configure:4426: $? = 0
configure:4426: result: yes
configure:4426: checking for string.h
configure:4426:  /xts/bin/gcc -c  -O2 -fstack-protector-all -fPIC  conftest.c >&5
configure:4426: $? = 0
configure:4426: result: yes
configure:4426: checking for memory.h
configure:4426:  /xts/bin/gcc -c  -O2 -fstack-protector-all -fPIC  conftest.c >&5
configure:4426: $? = 0
configure:4426: result: yes
configure:4426: checking for strings.h
configure:4426:  /xts/bin/gcc -c  -O2 -fstack-protector-all -fPIC  conftest.c >&5
configure:4426: $? = 0
configure:4426: result: yes
configure:4426: checking for inttypes.h
configure:4426:  /xts/bin/gcc -c  -O2 -fstack-protector-all -fPIC  conftest.c >&5
configure:4426: $? = 0
configure:4426: result: yes
configure:4426: checking for stdint.h
configure:4426:  /xts/bin/gcc -c  -O2 -fstack-protector-all -fPIC  conftest.c >&5
configure:4426: $? = 0
configure:4426: result: yes
configure:4426: checking for unistd.h
configure:4426:  /xts/bin/gcc -c  -O2 -fstack-protector-all -fPIC  conftest.c >&5
configure:4426: $? = 0
configure:4426: result: yes
configure:4440: checking zlib.h usability
configure:4440:  /xts/bin/gcc -c  -O2 -fstack-protector-all -fPIC  conftest.c >&5
configure:4440: $? = 0
configure:4440: result: yes
configure:4440: checking zlib.h presence
configure:4440:  /xts/bin/gcc -E  conftest.c
configure:4440: $? = 0
configure:4440: result: yes
configure:4440: checking for zlib.h
configure:4440: result: yes
configure:4452: checking for library containing crc32
configure:4483:  /xts/bin/gcc -o conftest  -O2 -fstack-protector-all -fPIC  -s -Wl,--discard-all,-z,relro,-z,now conftest.c -lgcc_eh >&5
/tmp/ccRWs8La.o: In function `main':
conftest.c:(.text.startup+0x15): undefined reference to `crc32'
collect2: error: ld returned 1 exit status
configure:4483: $? = 1
configure: failed program was:
| /* confdefs.h */
| #define PACKAGE_NAME "xambit"
| #define PACKAGE_TARNAME "xambit"
| #define PACKAGE_VERSION "0.1"
| #define PACKAGE_STRING "xambit 0.1"
| #define PACKAGE_BUGREPORT "aaron.styx@baesystems.com"
| #define PACKAGE_URL ""
| #define PACKAGE "xambit"
| #define VERSION "0.1"
| #define STDC_HEADERS 1
| #define HAVE_SYS_TYPES_H 1
| #define HAVE_SYS_STAT_H 1
| #define HAVE_STDLIB_H 1
| #define HAVE_STRING_H 1
| #define HAVE_MEMORY_H 1
| #define HAVE_STRINGS_H 1
| #define HAVE_INTTYPES_H 1
| #define HAVE_STDINT_H 1
| #define HAVE_UNISTD_H 1
| #define HAVE_ZLIB_H 1
| /* end confdefs.h.  */
| 
| /* Override any GCC internal prototype to avoid an error.
|    Use char because int might match the return type of a GCC
|    builtin and then its argument prototype would still apply.  */
| #ifdef __cplusplus
| extern "C"
| #endif
| char crc32 ();
| int
| main ()
| {
| return crc32 ();
|   ;
|   return 0;
| }
configure:4483:  /xts/bin/gcc -o conftest  -O2 -fstack-protector-all -fPIC  -s -Wl,--discard-all,-z,relro,-z,now conftest.c -lz  -lgcc_eh >&5
configure:4483: $? = 0
configure:4500: result: -lz
configure:4602: checking build system type
configure:4616: result: x86_64-unknown-linux-uclibc
configure:4636: checking host system type
configure:4649: result: x86_64-unknown-linux-uclibc
configure:4690: checking how to print strings
configure:4717: result: printf
configure:4738: checking for a sed that does not truncate output
configure:4802: result: /xts/bin/sed
configure:4820: checking for fgrep
configure:4882: result: /xts/bin/grep -F
configure:4917: checking for ld used by  /xts/bin/gcc
configure:4984: result: /xts/bin/ld
configure:4991: checking if the linker (/xts/bin/ld) is GNU ld
configure:5006: result: yes
configure:5018: checking for BSD- or MS-compatible name lister (nm)
configure:5072: result: /xts/bin/nm
configure:5202: checking the name lister (/xts/bin/nm) interface
configure:5209:  /xts/bin/gcc -c  -O2 -fstack-protector-all -fPIC  conftest.c >&5
configure:5212: /xts/bin/nm "conftest.o"
configure:5215: output
0000000000000000 B some_variable
configure:5222: result: BSD nm
configure:5225: checking whether ln -s works
configure:5229: result: yes
configure:5237: checking the maximum length of command line arguments
configure:5368: result: 393216
configure:5416: checking how to convert x86_64-unknown-linux-uclibc file names to x86_64-unknown-linux-uclibc format
configure:5456: result: func_convert_file_noop
configure:5463: checking how to convert x86_64-unknown-linux-uclibc file names to toolchain format
configure:5483: result: func_convert_file_noop
configure:5490: checking for /xts/bin/ld option to reload object files
configure:5497: result: -r
configure:5571: checking for objdump
configure:5587: found /xts/bin/objdump
configure:5598: result: objdump
configure:5630: checking how to recognize dependent libraries
configure:5830: result: pass_all
configure:5915: checking for dlltool
configure:5945: result: no
configure:5975: checking how to associate runtime and link libraries
configure:6002: result: printf %s\n
configure:6126: checking for archiver @FILE support
configure:6143:  /xts/bin/gcc -c  -O2 -fstack-protector-all -fPIC  conftest.c >&5
configure:6143: $? = 0
configure:6146: /xts/bin/ar cru libconftest.a @conftest.lst >&5
configure:6149: $? = 0
configure:6154: /xts/bin/ar cru libconftest.a @conftest.lst >&5
/xts/bin/ar: conftest.o: No such file or directory
configure:6157: $? = 1
configure:6169: result: @
configure:6227: checking for strip
configure:6254: result: /xts/bin/strip
configure:6326: checking for ranlib
configure:6353: result: /xts/bin/ranlib
configure:6455: checking command to parse /xts/bin/nm output from  /xts/bin/gcc object
configure:6608:  /xts/bin/gcc -c  -O2 -fstack-protector-all -fPIC  conftest.c >&5
configure:6611: $? = 0
configure:6615: /xts/bin/nm conftest.o \| sed -n -e 's/^.*[ ]\([ABCDGIRSTW][ABCDGIRSTW]*\)[ ][ ]*\([_A-Za-z][_A-Za-z0-9]*\)$/\1 \2 \2/p' | sed '/ __gnu_lto/d' \> conftest.nm
configure:6618: $? = 0
configure:6684:  /xts/bin/gcc -o conftest  -O2 -fstack-protector-all -fPIC  -s -Wl,--discard-all,-z,relro,-z,now conftest.c conftstm.o >&5
configure:6687: $? = 0
configure:6725: result: ok
configure:6772: checking for sysroot
configure:6802: result: no
configure:6809: checking for a working dd
configure:6847: result: /xts/bin/dd
configure:6851: checking how to truncate binary pipes
configure:6866: result: /xts/bin/dd bs=4096 count=1
configure:7002:  /xts/bin/gcc -c  -O2 -fstack-protector-all -fPIC  conftest.c >&5
configure:7005: $? = 0
configure:7195: checking for mt
configure:7211: found /xts/bin/mt
configure:7222: result: mt
configure:7245: checking if mt is a manifest tool
configure:7251: mt '-?'
mt: unrecognized opcode -?
configure:7259: result: no
configure:7933: checking for dlfcn.h
configure:7933:  /xts/bin/gcc -c  -O2 -fstack-protector-all -fPIC  conftest.c >&5
configure:7933: $? = 0
configure:7933: result: yes
configure:8129: checking for objdir
configure:8144: result: .libs
configure:8404: checking if  /xts/bin/gcc supports -fno-rtti -fno-exceptions
configure:8422:  /xts/bin/gcc -c  -O2 -fstack-protector-all -fPIC  -fno-rtti -fno-exceptions conftest.c >&5
cc1: warning: command line option '-fno-rtti' is valid for C++/ObjC++ but not for C [enabled by default]
configure:8426: $? = 0
configure:8439: result: no
configure:8797: checking for  /xts/bin/gcc option to produce PIC
configure:8804: result: -fPIC -DPIC
configure:8812: checking if  /xts/bin/gcc PIC flag -fPIC -DPIC works
configure:8830:  /xts/bin/gcc -c  -O2 -fstack-protector-all -fPIC  -fPIC -DPIC -DPIC conftest.c >&5
configure:8834: $? = 0
configure:8847: result: yes
configure:8876: checking if  /xts/bin/gcc static flag -static works
configure:8904: result: yes
configure:8919: checking if  /xts/bin/gcc supports -c -o file.o
configure:8940:  /xts/bin/gcc -c  -O2 -fstack-protector-all -fPIC  -o out/conftest2.o conftest.c >&5
configure:8944: $? = 0
configure:8966: result: yes
configure:8974: checking if  /xts/bin/gcc supports -c -o file.o
configure:9021: result: yes
configure:9054: checking whether the  /xts/bin/gcc linker (/xts/bin/ld) supports shared libraries
configure:10313: result: yes
configure:10350: checking whether -lc should be explicitly linked in
configure:10358:  /xts/bin/gcc -c  -O2 -fstack-protector-all -fPIC  conftest.c >&5
configure:10361: $? = 0
configure:10376:  /xts/bin/gcc -shared  -fPIC -DPIC conftest.o  -v -Wl,-soname -Wl,conftest -o conftest 2\>\&1 \| /xts/bin/grep  -lc  \>/dev/null 2\>\&1
configure:10379: $? = 0
configure:10393: result: no
configure:10553: checking dynamic linker characteristics
configure:11134:  /xts/bin/gcc -o conftest  -O2 -fstack-protector-all -fPIC  -s -Wl,--discard-all,-z,relro,-z,now -Wl,-rpath -Wl,/foo conftest.c -lz -lgcc_eh >&5
configure:11134: $? = 0
configure:11371: result: GNU/Linux ld.so
configure:11493: checking how to hardcode library paths into programs
configure:11518: result: immediate
configure:12066: checking whether stripping libraries is possible
configure:12071: result: yes
configure:12106: checking if libtool supports shared libraries
configure:12108: result: yes
configure:12111: checking whether to build shared libraries
configure:12136: result: yes
configure:12139: checking whether to build static libraries
configure:12143: result: yes
configure:12292: checking that generated files are newer than configure
configure:12298: result: done
configure:12321: creating ./config.status

## ---------------------- ##
## Running config.status. ##
## ---------------------- ##

This file was extended by xambit config.status 0.1, which was
generated by GNU Autoconf 2.69.  Invocation command line was

  CONFIG_FILES    = 
  CONFIG_HEADERS  = 
  CONFIG_LINKS    = 
  CONFIG_COMMANDS = 
  $ ./config.status 

on lethe

config.status:13556: creating Makefile
config.status:13556: creating config.h
config.status:13735: config.h is unchanged
config.status:13783: executing depfiles commands
config.status:13783: executing libtool commands

## ---------------- ##
## Cache variables. ##
## ---------------- ##

ac_cv_build='x86_64-unknown-linux-uclibc'
ac_cv_c_compiler_gnu='yes'
ac_cv_env_CC_set='set'
ac_cv_env_CC_value=' /xts/bin/gcc'
ac_cv_env_CFLAGS_set='set'
ac_cv_env_CFLAGS_value=' -O2 -fstack-protector-all -fPIC'
ac_cv_env_CPPFLAGS_set=''
ac_cv_env_CPPFLAGS_value=''
ac_cv_env_CPP_set=''
ac_cv_env_CPP_value=''
ac_cv_env_LDFLAGS_set='set'
ac_cv_env_LDFLAGS_value='-s -Wl,--discard-all,-z,relro,-z,now'
ac_cv_env_LIBS_set='set'
ac_cv_env_LIBS_value='-lgcc_eh'
ac_cv_env_LT_SYS_LIBRARY_PATH_set=''
ac_cv_env_LT_SYS_LIBRARY_PATH_value=''
ac_cv_env_build_alias_set=''
ac_cv_env_build_alias_value=''
ac_cv_env_host_alias_set=''
ac_cv_env_host_alias_value=''
ac_cv_env_target_alias_set=''
ac_cv_env_target_alias_value=''
ac_cv_header_dlfcn_h='yes'
ac_cv_header_inttypes_h='yes'
ac_cv_header_memory_h='yes'
ac_cv_header_stdc='yes'
ac_cv_header_stdint_h='yes'
ac_cv_header_stdlib_h='yes'
ac_cv_header_string_h='yes'
ac_cv_header_strings_h='yes'
ac_cv_header_sys_stat_h='yes'
ac_cv_header_sys_types_h='yes'
ac_cv_header_unistd_h='yes'
ac_cv_header_zlib_h='yes'
ac_cv_host='x86_64-unknown-linux-uclibc'
ac_cv_objext='o'
ac_cv_path_EGREP='/xts/bin/grep -E'
ac_cv_path_FGREP='/xts/bin/grep -F'
ac_cv_path_GREP='/xts/bin/grep'
ac_cv_path_SED='/xts/bin/sed'
ac_cv_path_install='/xts/bin/install -c'
ac_cv_path_lt_DD='/xts/bin/dd'
ac_cv_prog_AWK='gawk'
ac_cv_prog_CPP=' /xts/bin/gcc -E'
ac_cv_prog_ac_ct_CC=' /xts/bin/gcc'
ac_cv_prog_ac_ct_MANIFEST_TOOL='mt'
ac_cv_prog_ac_ct_OBJDUMP='objdump'
ac_cv_prog_ac_ct_RANLIB='/xts/bin/ranlib'
ac_cv_prog_ac_ct_STRIP='/xts/bin/strip'
ac_cv_prog_cc_c89=''
ac_cv_prog_cc_g='yes'
ac_cv_prog_make_make_set='yes'
ac_cv_search_crc32='-lz'
am_cv_CC_dependencies_compiler_type='gcc3'
am_cv_ar_interface='ar'
am_cv_make_support_nested_variables='yes'
am_cv_prog_cc_c_o='yes'
lt_cv_ar_at_file='@'
lt_cv_archive_cmds_need_lc='no'
lt_cv_deplibs_check_method='pass_all'
lt_cv_file_magic_cmd='$MAGIC_CMD'
lt_cv_file_magic_test_file=''
lt_cv_ld_reload_flag='-r'
lt_cv_nm_interface='BSD nm'
lt_cv_objdir='.libs'
lt_cv_path_LD='/xts/bin/ld'
lt_cv_path_NM='/xts/bin/nm'
lt_cv_path_mainfest_tool='no'
lt_cv_prog_compiler_c_o='yes'
lt_cv_prog_compiler_pic='-fPIC -DPIC'
lt_cv_prog_compiler_pic_works='yes'
lt_cv_prog_compiler_rtti_exceptions='no'
lt_cv_prog_compiler_static_works='yes'
lt_cv_prog_gnu_ld='yes'
lt_cv_sharedlib_from_linklib_cmd='printf %s\n'
lt_cv_shlibpath_overrides_runpath='no'
lt_cv_sys_global_symbol_pipe='sed -n -e '"'"'s/^.*[	 ]\([ABCDGIRSTW][ABCDGIRSTW]*\)[	 ][	 ]*\([_A-Za-z][_A-Za-z0-9]*\)$/\1 \2 \2/p'"'"' | sed '"'"'/ __gnu_lto/d'"'"
lt_cv_sys_global_symbol_to_c_name_address='sed -n -e '"'"'s/^: \(.*\) .*$/  {"\1", (void *) 0},/p'"'"' -e '"'"'s/^[ABCDGIRSTW][ABCDGIRSTW]* .* \(.*\)$/  {"\1", (void *) \&\1},/p'"'"
lt_cv_sys_global_symbol_to_c_name_address_lib_prefix='sed -n -e '"'"'s/^: \(.*\) .*$/  {"\1", (void *) 0},/p'"'"' -e '"'"'s/^[ABCDGIRSTW][ABCDGIRSTW]* .* \(lib.*\)$/  {"\1", (void *) \&\1},/p'"'"' -e '"'"'s/^[ABCDGIRSTW][ABCDGIRSTW]* .* \(.*\)$/  {"lib\1", (void *) \&\1},/p'"'"
lt_cv_sys_global_symbol_to_cdecl='sed -n -e '"'"'s/^T .* \(.*\)$/extern int \1();/p'"'"' -e '"'"'s/^[ABCDGIRSTW][ABCDGIRSTW]* .* \(.*\)$/extern char \1;/p'"'"
lt_cv_sys_global_symbol_to_import=''
lt_cv_sys_max_cmd_len='393216'
lt_cv_to_host_file_cmd='func_convert_file_noop'
lt_cv_to_tool_file_cmd='func_convert_file_noop'
lt_cv_truncate_bin='/xts/bin/dd bs=4096 count=1'

## ----------------- ##
## Output variables. ##
## ----------------- ##

ACLOCAL='${SHELL} /home/admin/dev/pkgs/xambit/build/build-aux/missing aclocal-1.14'
AMDEPBACKSLASH='\'
AMDEP_FALSE='#'
AMDEP_TRUE=''
AMTAR='$${TAR-tar}'
AM_BACKSLASH='\'
AM_DEFAULT_V='$(AM_DEFAULT_VERBOSITY)'
AM_DEFAULT_VERBOSITY='1'
AM_V='$(V)'
AR='/xts/bin/ar'
AUTOCONF='${SHELL} /home/admin/dev/pkgs/xambit/build/build-aux/missing autoconf'
AUTOHEADER='${SHELL} /home/admin/dev/pkgs/xambit/build/build-aux/missing autoheader'
AUTOMAKE='${SHELL} /home/admin/dev/pkgs/xambit/build/build-aux/missing automake-1.14'
AWK='gawk'
CC=' /xts/bin/gcc'
CCDEPMODE='depmode=gcc3'
CFLAGS=' -O2 -fstack-protector-all -fPIC'
CPP=' /xts/bin/gcc -E'
CPPFLAGS=''
CYGPATH_W='echo'
DEFS='-DHAVE_CONFIG_H'
DEPDIR='.deps'
DLLTOOL='false'
DSYMUTIL=''
DUMPBIN=''
ECHO_C=''
ECHO_N='-n'
ECHO_T=''
EGREP='/xts/bin/grep -E'
EXEEXT=''
FGREP='/xts/bin/grep -F'
GREP='/xts/bin/grep'
INSTALL_DATA='${INSTALL} -m 644'
INSTALL_PROGRAM='${INSTALL}'
INSTALL_SCRIPT='${INSTALL}'
INSTALL_STRIP_PROGRAM='$(install_sh) -c -s'
LD='/xts/bin/ld'
LDFLAGS='-s -Wl,--discard-all,-z,relro,-z,now'
LIBOBJS=''
LIBS='-lz -lgcc_eh'
LIBTOOL='$(SHELL) $(top_builddir)/libtool'
LIPO=''
LN_S='ln -s'
LTLIBOBJS=''
LT_SYS_LIBRARY_PATH=''
MAKEINFO='${SHELL} /home/admin/dev/pkgs/xambit/build/build-aux/missing makeinfo'
MANIFEST_TOOL=':'
MKDIR_P='build-aux/install-sh -c -d'
NM='/xts/bin/nm'
NMEDIT=''
OBJDUMP='objdump'
OBJEXT='o'
OTOOL64=''
OTOOL=''
PACKAGE='xambit'
PACKAGE_BUGREPORT='aaron.styx@baesystems.com'
PACKAGE_NAME='xambit'
PACKAGE_STRING='xambit 0.1'
PACKAGE_TARNAME='xambit'
PACKAGE_URL=''
PACKAGE_VERSION='0.1'
PATH_SEPARATOR=':'
RANLIB='/xts/bin/ranlib'
SED='/xts/bin/sed'
SET_MAKE=''
SHELL='/xts/bin/sh'
STRIP='/xts/bin/strip'
VERSION='0.1'
ac_ct_AR=''
ac_ct_CC=' /xts/bin/gcc'
ac_ct_DUMPBIN=''
am__EXEEXT_FALSE=''
am__EXEEXT_TRUE='#'
am__fastdepCC_FALSE='#'
am__fastdepCC_TRUE=''
am__include='include'
am__isrc=''
am__leading_dot='.'
am__nodep='_no'
am__quote=''
am__tar='$${TAR-tar} chof - "$$tardir"'
am__untar='$${TAR-tar} xf -'
bindir='${exec_prefix}/bin'
build='x86_64-unknown-linux-uclibc'
build_alias=''
build_cpu='x86_64'
build_os='linux-uclibc'
build_vendor='unknown'
datadir='${datarootdir}'
datarootdir='${prefix}/share'
docdir='${datarootdir}/doc/${PACKAGE_TARNAME}'
dvidir='${docdir}'
exec_prefix='${prefix}'
host='x86_64-unknown-linux-uclibc'
host_alias=''
host_cpu='x86_64'
host_os='linux-uclibc'
host_vendor='unknown'
htmldir='${docdir}'
includedir='${prefix}/include'
infodir='${datarootdir}/info'
install_sh='${SHELL} /home/admin/dev/pkgs/xambit/build/build-aux/install-sh'
libdir='/xts/lib64'
libexecdir='${exec_prefix}/libexec'
localedir='${datarootdir}/locale'
localstatedir='${prefix}/var'
mandir='${datarootdir}/man'
mkdir_p='$(MKDIR_P)'
oldincludedir='/usr/include'
pdfdir='${docdir}'
prefix='/xts'
program_transform_name='s,x,x,'
psdir='${docdir}'
sbindir='${exec_prefix}/sbin'
sharedstatedir='${prefix}/com'
sysconfdir='${prefix}/etc'
target_alias=''

## ----------- ##
## confdefs.h. ##
## ----------- ##

/* confdefs.h */
#define PACKAGE_NAME "xambit"
#define PACKAGE_TARNAME "xambit"
#define PACKAGE_VERSION "0.1"
#define PACKAGE_STRING "xambit 0.1"
#define PACKAGE_BUGREPORT "aaron.styx@baesystems.com"
#define PACKAGE_URL ""
#define PACKAGE "xambit"
#define VERSION "0.1"
#define STDC_HEADERS 1
#define HAVE_SYS_TYPES_H 1
#define HAVE_SYS_STAT_H 1
#define HAVE_STDLIB_H 1
#define HAVE_STRING_H 1
#define HAVE_MEMORY_H 1
#define HAVE_STRINGS_H 1
#define HAVE_INTTYPES_H 1
#define HAVE_STDINT_H 1
#define HAVE_UNISTD_H 1
#define HAVE_ZLIB_H 1
#define HAVE_DLFCN_H 1
#define LT_OBJDIR ".libs/"

configure: exit 0
